This is pdfTeX, Version 3.141592653-2.6-1.40.25 (TeX Live 2023/Debian) (preloaded format=latex 2025.9.24)  24 SEP 2025 17:04
entering extended mode
 restricted \write18 enabled.
 %&-line parsing enabled.
**protocol-ely.tex
(./protocol-ely.tex
LaTeX2e <2023-11-01> patch level 1
L3 programming layer <2024-01-22>
! Undefined control sequence.
l.1 \section
            {Protocol: Ely the frog}
? 

! LaTeX Error: Missing \begin{document}.

See the LaTeX manual or LaTeX Companion for explanation.
Type  H <return>  for immediate help.
 ...                                              
                                                  
l.1 \section{P
              rotocol: Ely the frog}
? 
Missing character: There is no P in font nullfont!
Missing character: There is no r in font nullfont!
Missing character: There is no o in font nullfont!
Missing character: There is no t in font nullfont!
Missing character: There is no o in font nullfont!
Missing character: There is no c in font nullfont!
Missing character: There is no o in font nullfont!
Missing character: There is no l in font nullfont!
Missing character: There is no : in font nullfont!
Missing character: There is no E in font nullfont!
Missing character: There is no l in font nullfont!
Missing character: There is no y in font nullfont!
Missing character: There is no t in font nullfont!
Missing character: There is no h in font nullfont!
Missing character: There is no e in font nullfont!
Missing character: There is no f in font nullfont!
Missing character: There is no r in font nullfont!
Missing character: There is no o in font nullfont!
Missing character: There is no g in font nullfont!

Overfull \hbox (20.0pt too wide) in paragraph at lines 1--2
[]
 []


! LaTeX Error: Missing \begin{document}.

See the LaTeX manual or LaTeX Companion for explanation.
Type  H <return>  for immediate help.
 ...                                              
                                                  
l.3 \begin{enumerate}
                     
? 

Overfull \hbox (20.0pt too wide) in paragraph at lines 3--3
[] 
 []

LaTeX Font Info:    External font `cmex10' loaded for size
(Font)              <7> on input line 4.
LaTeX Font Info:    External font `cmex10' loaded for size
(Font)              <5> on input line 4.

Overfull \hbox (20.27774pt too wide) in paragraph at lines 4--5
\OML/cmm/m/it/10 A \OMS/cmsy/m/n/10 !
 []


Overfull \hbox (13.6423pt too wide) in paragraph at lines 4--5
\OML/cmm/m/it/10 B \OT1/cmr/m/n/10 :
 []


Overfull \hbox (94.28023pt too wide) in paragraph at lines 4--5
\OMS/cmsy/m/n/10 fj\OML/cmm/m/it/10 A; B; Secret\OMS/cmsy/m/n/10 jg[]$ 
 []


Overfull \hbox (20.27774pt too wide) in paragraph at lines 5--6
\OML/cmm/m/it/10 A \OMS/cmsy/m/n/10 !
 []


Overfull \hbox (12.26381pt too wide) in paragraph at lines 5--6
\OML/cmm/m/it/10 S \OT1/cmr/m/n/10 :
 []


Overfull \hbox (95.65819pt too wide) in paragraph at lines 5--6
\OMS/cmsy/m/n/10 fj\OML/cmm/m/it/10 A; B; T[]; K[]\OMS/cmsy/m/n/10 jg[]$ 
 []


Overfull \hbox (19.48604pt too wide) in paragraph at lines 6--7
\OML/cmm/m/it/10 S \OMS/cmsy/m/n/10 !
 []


Overfull \hbox (13.6423pt too wide) in paragraph at lines 6--7
\OML/cmm/m/it/10 B \OT1/cmr/m/n/10 :
 []


Overfull \hbox (95.17517pt too wide) in paragraph at lines 6--7
\OMS/cmsy/m/n/10 fj\OML/cmm/m/it/10 A; B; T[]; K[]\OMS/cmsy/m/n/10 jg[]$ 
 []


Overfull \hbox (20.27774pt too wide) in paragraph at lines 7--8
\OML/cmm/m/it/10 A \OMS/cmsy/m/n/10 !
 []


Overfull \hbox (13.6423pt too wide) in paragraph at lines 7--8
\OML/cmm/m/it/10 B \OT1/cmr/m/n/10 :
 []


Overfull \hbox (129.42516pt too wide) in paragraph at lines 7--8
\OMS/cmsy/m/n/10 fj\OML/cmm/m/it/10 A; B; message; Secret\OMS/cmsy/m/n/10 jg[]$
 
 []

)
*
(Please type a command or say `\end')
*
(Please type a command or say `\end')
*\end

*
Runaway argument?
! Paragraph ended before \end  was complete.
<to be read again> 
                   \par 
<*> 
    
? 
(Please type a command or say `\end')
*\end

*
Runaway argument?
! Paragraph ended before \end  was complete.
<to be read again> 
                   \par 
<*> 
    
? 
(Please type a command or say `\end')
*\end

*
Runaway argument?
! Paragraph ended before \end  was complete.
<to be read again> 
                   \par 
<*> 
    
? 
(Please type a command or say `\end')
*
! Interruption.
<*> 
    
? 
(Please type a command or say `\end')
*quit
Missing character: There is no q in font nullfont!
Missing character: There is no u in font nullfont!
Missing character: There is no i in font nullfont!
Missing character: There is no t in font nullfont!

*exit
Missing character: There is no e in font nullfont!
Missing character: There is no x in font nullfont!
Missing character: There is no i in font nullfont!
Missing character: There is no t in font nullfont!

*quit()
Missing character: There is no q in font nullfont!
Missing character: There is no u in font nullfont!
Missing character: There is no i in font nullfont!
Missing character: There is no t in font nullfont!
Missing character: There is no ( in font nullfont!
Missing character: There is no ) in font nullfont!

*exit()
Missing character: There is no e in font nullfont!
Missing character: There is no x in font nullfont!
Missing character: There is no i in font nullfont!
Missing character: There is no t in font nullfont!
Missing character: There is no ( in font nullfont!
Missing character: There is no ) in font nullfont!

*
! Interruption.
<*> 
    
? \end
Type <return> to proceed, S to scroll future error messages,
R to run without stopping, Q to run quietly,
I to insert something, 
H for help, X to quit.
? q
OK, entering \batchmode...

Overfull \hbox (20.0pt too wide) detected at line 0
[]
 []

! Emergency stop.
<*> 
    
*** (job aborted, no legal \end found)

 
Here is how much of TeX's memory you used:
 22 strings out of 476183
 516 string characters out of 5795621
 1923972 words of memory out of 5000000
 22123 multiletter control sequences out of 15000+600000
 558069 words of font info for 36 fonts, out of 8000000 for 9000
 14 hyphenation exceptions out of 8191
 19i,3n,22p,119b,115s stack positions out of 10000i,1000n,20000p,200000b,200000s
No pages of output.
